<?xml version="1.0" encoding="UTF-8"?>
<testsuite name="com.echosense.echo.ConfidenceEstimatorTest" tests="3" skipped="0" failures="0" errors="0" timestamp="2026-09-22T13:33:51" hostname="SAHASRA" time="0.004">
  <properties/>
  <testcase name="testUnreliableConfidenceWithHighNoise" classname="com.echosense.echo.ConfidenceEstimatorTest" time="0.003"/>
  <testcase name="testHighConfidenceCalculation" classname="com.echosense.echo.ConfidenceEstimatorTest" time="0.0"/>
  <testcase name="testZeroDistanceYieldsUnreliable" classname="com.echosense.echo.ConfidenceEstimatorTest" time="0.0"/>
  <system-out><![CDATA[]]></system-out>
  <system-err><![CDATA[]]></system-err>
</testsuite>
