<?xml version="1.0" encoding="UTF-8"?>
<testsuite name="com.echosense.echo.ChirpGeneratorTest" tests="2" skipped="0" failures="0" errors="0" timestamp="2026-09-22T13:33:51" hostname="SAHASRA" time="0.016">
  <properties/>
  <testcase name="testPcm16Conversion" classname="com.echosense.echo.ChirpGeneratorTest" time="0.0"/>
  <testcase name="testChirpGenerationDimensionsAndAmplitude" classname="com.echosense.echo.ChirpGeneratorTest" time="0.015"/>
  <system-out><![CDATA[]]></system-out>
  <system-err><![CDATA[]]></system-err>
</testsuite>
