<?xml version="1.0" encoding="UTF-8"?>
<testsuite name="com.echosense.echo.DistanceStateMachineTest" tests="2" skipped="0" failures="0" errors="0" timestamp="2026-09-22T13:33:51" hostname="SAHASRA" time="0.001">
  <properties/>
  <testcase name="testHysteresisPreventsFlappingAtBoundary" classname="com.echosense.echo.DistanceStateMachineTest" time="0.001"/>
  <testcase name="testCriticalDistanceTransition" classname="com.echosense.echo.DistanceStateMachineTest" time="0.0"/>
  <system-out><![CDATA[]]></system-out>
  <system-err><![CDATA[]]></system-err>
</testsuite>
