<?xml version="1.0" encoding="UTF-8"?>
<testsuite name="com.echosense.echo.SignalProcessorTest" tests="3" skipped="0" failures="0" errors="0" timestamp="2026-09-22T13:33:51" hostname="SAHASRA" time="0.026">
  <properties/>
  <testcase name="testReflectionPeakDetectionAtDifferentDistances" classname="com.echosense.echo.SignalProcessorTest" time="0.024"/>
  <testcase name="testDirectPathBlankingPreventsSelfDetection" classname="com.echosense.echo.SignalProcessorTest" time="0.0"/>
  <testcase name="testPureNoiseReportsNoReliableEcho" classname="com.echosense.echo.SignalProcessorTest" time="0.0"/>
  <system-out><![CDATA[]]></system-out>
  <system-err><![CDATA[]]></system-err>
</testsuite>
