<?xml version="1.0" encoding="UTF-8"?>
<testsuite name="com.echosense.echo.SensorFusionEngineTest" tests="2" skipped="0" failures="0" errors="0" timestamp="2026-09-22T13:33:51" hostname="SAHASRA" time="0.009">
  <properties/>
  <testcase name="testModeTransitionsBasedOnAmbientLight" classname="com.echosense.echo.SensorFusionEngineTest" time="0.009"/>
  <testcase name="testManualEchoOverride" classname="com.echosense.echo.SensorFusionEngineTest" time="0.0"/>
  <system-out><![CDATA[]]></system-out>
  <system-err><![CDATA[]]></system-err>
</testsuite>
